<?xml version="1.0" encoding="UTF-8"?>
<testng-results ignored="0" total="3" passed="3" failed="0" skipped="0">
  <reporter-output>
  </reporter-output>
  <suite started-at="2023-07-18T15:53:01 IST" name="Suite" finished-at="2023-07-18T15:53:35 IST" duration-ms="34250">
    <groups>
    </groups>
    <test started-at="2023-07-18T15:53:01 IST" name="Test" finished-at="2023-07-18T15:53:35 IST" duration-ms="34250">
      <class name="demo1.ajio">
        <test-method signature="ajiotest()[pri:0, instance:demo1.ajio@619713e5]" started-at="2023-07-18T15:53:19 IST" name="ajiotest" finished-at="2023-07-18T15:53:35 IST" duration-ms="16303" status="PASS">
          <reporter-output>
          </reporter-output>
        </test-method> <!-- ajiotest -->
      </class> <!-- demo1.ajio -->
      <class name="demo1.amazon">
        <test-method signature="amazontest()[pri:0, instance:demo1.amazon@2c767a52]" started-at="2023-07-18T15:53:09 IST" name="amazontest" finished-at="2023-07-18T15:53:19 IST" duration-ms="9624" status="PASS">
          <reporter-output>
          </reporter-output>
        </test-method> <!-- amazontest -->
      </class> <!-- demo1.amazon -->
      <class name="demo1.flipkart">
        <test-method signature="ftest()[pri:0, instance:demo1.flipkart@1cbbffcd]" started-at="2023-07-18T15:53:01 IST" name="ftest" finished-at="2023-07-18T15:53:09 IST" duration-ms="8288" status="PASS">
          <reporter-output>
          </reporter-output>
        </test-method> <!-- ftest -->
      </class> <!-- demo1.flipkart -->
    </test> <!-- Test -->
  </suite> <!-- Suite -->
</testng-results>
